{
  "stats": {
    "suites": 1,
    "tests": 1,
    "passes": 1,
    "pending": 0,
    "failures": 0,
    "start": "2022-12-25T19:47:23.368Z",
    "end": "2022-12-25T19:47:23.888Z",
    "duration": 520,
    "testsRegistered": 1,
    "passPercent": 100,
    "pendingPercent": 0,
    "other": 0,
    "hasOther": false,
    "skipped": 0,
    "hasSkipped": false
  },
  "results": [
    {
      "uuid": "2f24c365-389d-4aa8-ba2a-30446439e45a",
      "title": "",
      "fullFile": "E:\\Download Draft\\QA-bootcamp\\Cypress\\nestapi\\tests\\scenarios\\register.test.js",
      "file": "\\tests\\scenarios\\register.test.js",
      "beforeHooks": [],
      "afterHooks": [],
      "tests": [],
      "suites": [
        {
          "uuid": "d497a35c-1a4b-48f5-ad4c-cd4fef944f32",
          "title": "ReqresApi",
          "fullFile": "E:\\Download Draft\\QA-bootcamp\\Cypress\\nestapi\\tests\\scenarios\\register.test.js",
          "file": "\\tests\\scenarios\\register.test.js",
          "beforeHooks": [],
          "afterHooks": [],
          "tests": [
            {
              "title": "should unseccsessful register when insert invalid data",
              "fullTitle": "ReqresApi should unseccsessful register when insert invalid data",
              "timedOut": false,
              "duration": 513,
              "state": "passed",
              "speed": "slow",
              "pass": true,
              "fail": false,
              "pending": false,
              "context": null,
              "code": "const response = await ReqresApi.register(data.INVALID_REGISTER);\nassert.equal(response.status, 400);",
              "err": {},
              "uuid": "c843d030-f85d-489d-8fa2-bdadc32ba856",
              "parentUUID": "d497a35c-1a4b-48f5-ad4c-cd4fef944f32",
              "isHook": false,
              "skipped": false
            }
          ],
          "suites": [],
          "passes": [
            "c843d030-f85d-489d-8fa2-bdadc32ba856"
          ],
          "failures": [],
          "pending": [],
          "skipped": [],
          "duration": 513,
          "root": false,
          "rootEmpty": false,
          "_timeout": 2000
        }
      ],
      "passes": [],
      "failures": [],
      "pending": [],
      "skipped": [],
      "duration": 0,
      "root": true,
      "rootEmpty": true,
      "_timeout": 2000
    }
  ],
  "meta": {
    "mocha": {
      "version": "10.2.0"
    },
    "mochawesome": {
      "options": {
        "quiet": false,
        "reportFilename": "mochawesome",
        "saveHtml": true,
        "saveJson": true,
        "consoleReporter": "spec",
        "useInlineDiffs": false,
        "code": true
      },
      "version": "7.1.3"
    },
    "marge": {
      "options": null,
      "version": "6.2.0"
    }
  }
}